0 info it worked if it ends with ok
1 verbose cli [ 'node', '/usr/local/bin/npm', 'version', 'patch' ]
2 info using npm@2.5.1
3 info using node@v0.12.1
4 info git [ 'status', '--porcelain' ]
5 verbose stack Error: Git working directory not clean.
5 verbose stack M .DS_Store
5 verbose stack M node_modules/cli/node_modules/glob/node_modules/minimatch/node_modules/lru-cache/README.md
5 verbose stack M node_modules/cli/node_modules/glob/node_modules/minimatch/node_modules/lru-cache/lib/lru-cache.js
5 verbose stack M node_modules/cli/node_modules/glob/node_modules/minimatch/node_modules/lru-cache/package.json
5 verbose stack M node_modules/cli/node_modules/glob/node_modules/minimatch/node_modules/lru-cache/test/basic.js
5 verbose stack M node_modules/cli/node_modules/glob/node_modules/minimatch/node_modules/lru-cache/test/foreach.js
5 verbose stack M node_modules/mocha/node_modules/commander/package.json
5 verbose stack M node_modules/mocha/node_modules/diff/package.json
5 verbose stack M node_modules/mocha/node_modules/jade/package.json
5 verbose stack M node_modules/mocha/node_modules/mkdirp/package.json
5 verbose stack     at /usr/local/lib/node_modules/npm/lib/version.js:138:37
5 verbose stack     at ChildProcess.exithandler (child_process.js:735:7)
5 verbose stack     at ChildProcess.emit (events.js:110:17)
5 verbose stack     at maybeClose (child_process.js:1008:16)
5 verbose stack     at Socket.<anonymous> (child_process.js:1176:11)
5 verbose stack     at Socket.emit (events.js:107:17)
5 verbose stack     at Pipe.close (net.js:476:12)
6 verbose cwd /Users/macbook/Desktop/projects/passbook.js
7 error Darwin 14.3.0
8 error argv "node" "/usr/local/bin/npm" "version" "patch"
9 error node v0.12.1
10 error npm  v2.5.1
11 error Git working directory not clean.
11 error M .DS_Store
11 error M node_modules/cli/node_modules/glob/node_modules/minimatch/node_modules/lru-cache/README.md
11 error M node_modules/cli/node_modules/glob/node_modules/minimatch/node_modules/lru-cache/lib/lru-cache.js
11 error M node_modules/cli/node_modules/glob/node_modules/minimatch/node_modules/lru-cache/package.json
11 error M node_modules/cli/node_modules/glob/node_modules/minimatch/node_modules/lru-cache/test/basic.js
11 error M node_modules/cli/node_modules/glob/node_modules/minimatch/node_modules/lru-cache/test/foreach.js
11 error M node_modules/mocha/node_modules/commander/package.json
11 error M node_modules/mocha/node_modules/diff/package.json
11 error M node_modules/mocha/node_modules/jade/package.json
11 error M node_modules/mocha/node_modules/mkdirp/package.json
12 error If you need help, you may report this error at:
12 error     <http://github.com/npm/npm/issues>
13 verbose exit [ 1, true ]
